-2.111798926209206062e+00
3.519146600335089081e-01
7.395159876197507365e-02
4.084161526268163533e-01
2.358255672972284334e+00
2.575829421034746547e-01
3.661228959300430463e-01
4.750874290135107536e-01
5.215675888924672376e-01
-5.664182933480110121e-02
1.071439031717184465e+00
4.537643205968976967e-01
4.859983919927972629e-01
3.915796578442038989e-01
-1.589021748045647553e-01
8.105319259971975887e-01
2.922947711241468127e-01
3.397007492824414832e-01
2.520121750323295884e-01
8.357898215230154249e-02
1.518800498673209820e-01
1.796165535402489410e-01
1.948459825369176501e-01
5.468643039933829275e-01
6.288196162297687852e-01
1.362527148765831031e+00
5.327926186178143508e-01
1.190234506302612738e+00
9.014327522818673666e-01
-5.822284946625885249e-01
5.976305181067997907e-01
1.212907414838045650e+00
1.077697673614241847e-01
8.279379456617402822e-02
1.261015886411981590e+00
3.270759805486698341e-02
-7.981837050723668281e-02
3.693981188818084432e-02
7.418352135457834118e-02
7.942044165899942998e-01
2.542205278290494627e-02
8.549770738841431239e-01
1.085173545277867913e+00
2.526110653947216123e-01
3.654503662421025312e-01
5.284132097356150082e-01
5.029515981882065612e-01
-1.117284634755736777e-01
1.009374583805213055e+00
4.246872304051548253e-01
8.720150216315131209e-01
5.260433316277504101e-01
5.150664371176693068e-01
1.404669398102883215e-01
5.552925600277991425e-01
7.371671500805572208e-01
1.258631432980841514e-01
1.648420952170553122e-01
4.789502977610328727e-01
5.308444934356780776e-01
2.775274470589065290e-01
6.180109904849978575e-01
9.562024905829589194e-01
2.752094517806577545e-01
1.215510332814251582e+00
4.136225091361133699e-01
1.003775894735357221e+00
7.341135624947695559e-01
5.905832705225831925e-01
8.871999589176423617e-01
6.609072521815375634e-01
4.624895903819047915e-01
8.836688596967474663e-01
8.557588306021971514e-01
4.975113769688634391e-01
1.069061733828140515e+00
4.484653855342248807e-01
6.997585582553266237e-01
5.880701557155959547e-01
2.161702719871665471e-02
2.981118504540888337e-01
3.920194957314963591e-01
3.226978861705511736e-01
8.691081261347876064e-01
5.832448238400779195e-01
4.482036545976927910e-01
7.987219026870889804e-01
8.010963541700159007e-01
7.156901595311454534e-01
3.619126200703957630e-01
2.160034567735347188e+00
4.863315462584442694e-01
2.348294476974852746e-02
4.657715174157792126e-01
1.287442191282426318e+00
6.870922142166858704e-01
5.380556228217165948e-01
9.264307700759474296e-01
3.127474975530407653e-01
7.464022926388209633e-01
6.317940777678933140e-01
3.644419958651730629e-01
3.791039678237450028e-01
4.971870241969176263e+00
6.733736179619256301e-01
3.709537168000824892e-01
2.104317602952800570e+00
